<?xml version="1.0" encoding="UTF-8"?>
<testsuite name="Cambio de estado de ticket desde el Dashboard" tests="1" skipped="0" failures="0" errors="0" timestamp="2026-03-10T04:20:46" hostname="G-NOOTBOOK" time="9.911">
  <properties/>
  <testcase name="El agente cambia el estado de un ticket a &quot;En Progreso&quot;" classname="Cambio de estado de ticket desde el Dashboard" time="9.911"/>
  <system-out><![CDATA[
@cambiar-estado
Escenario: El agente cambia el estado de un ticket a "En Progreso"      ?[90m# src/test/resources/features/cambio_estado.feature:8?[0m
  ?[32mDado ?[0m?[32mque el usuario está en el Dashboard de gestión de tickets?[0m        ?[90m# co.sofka.automation.steps.PasosCambioEstado.usuarioEnDashboard()?[0m
  ?[32mY ?[0m?[32mlos tickets están cargados en la tabla?[0m                              ?[90m# co.sofka.automation.steps.PasosCambioEstado.ticketsCargadosEnTabla()?[0m
  ?[32mCuando ?[0m?[32mselecciona el primer ticket de la lista?[0m                        ?[90m# co.sofka.automation.steps.PasosCambioEstado.seleccionaPrimerTicket()?[0m
  ?[32mEntonces ?[0m?[32mse visualiza el modal de cambio de estado?[0m                    ?[90m# co.sofka.automation.steps.PasosCambioEstado.verificaModalVisible()?[0m
  ?[32mCuando ?[0m?[32melige el estado ?[0m?[32m?[1m"En Progreso"?[0m?[32m en el modal?[0m                      ?[90m# co.sofka.automation.steps.PasosCambioEstado.eligeEstadoEnModal(java.lang.String)?[0m
  ?[32mY ?[0m?[32mconfirma el cambio de estado?[0m                                        ?[90m# co.sofka.automation.steps.PasosCambioEstado.confirmaElCambio()?[0m
  ?[32mEntonces ?[0m?[32mel modal se cierra confirmando que el estado fue actualizado?[0m ?[90m# co.sofka.automation.steps.PasosCambioEstado.verificaCierreDelModal()?[0m
]]></system-out>
  <system-err><![CDATA[mar. 10, 2026 1:20:51 A. M. org.openqa.selenium.devtools.CdpVersionFinder findNearestMatch
ADVERTENCIA: Unable to find CDP implementation matching 145
mar. 10, 2026 1:20:51 A. M. org.openqa.selenium.chromium.ChromiumDriver lambda$new$5
ADVERTENCIA: Unable to find version of CDP to use for 145.0.7632.160. You may need to include a dependency on a specific version of the CDP using something similar to `org.seleniumhq.selenium:selenium-devtools-v86:4.21.0` where the version ("v86") matches the version of the chromium-based browser you're using and the version number of the artifact is the same as Selenium's.
]]></system-err>
</testsuite>
